mode: atomic
github.com/prologic/golinks/defaults.go:13.13,28.2 1 1
github.com/prologic/golinks/defaults.go:31.37,32.37 1 3
github.com/prologic/golinks/defaults.go:44.2,44.12 1 2
github.com/prologic/golinks/defaults.go:32.37,33.38 1 29
github.com/prologic/golinks/defaults.go:33.38,39.47 5 14
github.com/prologic/golinks/defaults.go:39.47,41.5 1 1
github.com/prologic/golinks/rice-box.go:9.13,59.2 6 1
github.com/prologic/golinks/server.go:29.30,34.2 2 10
github.com/prologic/golinks/server.go:36.37,38.2 1 8
github.com/prologic/golinks/server.go:40.37,42.2 1 0
github.com/prologic/golinks/server.go:44.48,46.2 1 0
github.com/prologic/golinks/server.go:48.48,50.2 1 0
github.com/prologic/golinks/server.go:67.78,69.16 2 3
github.com/prologic/golinks/server.go:73.2,73.16 1 3
github.com/prologic/golinks/server.go:69.16,71.3 1 1
github.com/prologic/golinks/server.go:73.16,75.17 2 2
github.com/prologic/golinks/server.go:75.17,77.4 1 0
github.com/prologic/golinks/server.go:82.51,83.75 1 27
github.com/prologic/golinks/server.go:83.75,96.14 4 7
github.com/prologic/golinks/server.go:100.3,100.14 1 7
github.com/prologic/golinks/server.go:110.3,110.16 1 7
github.com/prologic/golinks/server.go:96.14,98.4 1 1
github.com/prologic/golinks/server.go:100.14,102.23 2 6
github.com/prologic/golinks/server.go:102.23,104.5 1 6
github.com/prologic/golinks/server.go:105.9,108.4 2 1
github.com/prologic/golinks/server.go:110.16,112.4 1 1
github.com/prologic/golinks/server.go:112.9,113.53 1 6
github.com/prologic/golinks/server.go:113.53,115.19 2 3
github.com/prologic/golinks/server.go:115.19,124.6 1 1
github.com/prologic/golinks/server.go:125.10,125.54 1 3
github.com/prologic/golinks/server.go:125.54,128.5 2 1
github.com/prologic/golinks/server.go:128.10,129.27 1 2
github.com/prologic/golinks/server.go:129.27,131.17 2 1
github.com/prologic/golinks/server.go:134.6,134.48 1 1
github.com/prologic/golinks/server.go:131.17,133.7 1 1
github.com/prologic/golinks/server.go:135.11,141.6 1 1
github.com/prologic/golinks/server.go:148.50,149.75 1 10
github.com/prologic/golinks/server.go:149.75,153.3 2 0
github.com/prologic/golinks/server.go:157.56,158.75 1 11
github.com/prologic/golinks/server.go:158.75,169.3 3 1
github.com/prologic/golinks/server.go:173.51,174.75 1 10
github.com/prologic/golinks/server.go:174.75,177.17 3 0
github.com/prologic/golinks/server.go:180.3,180.14 1 0
github.com/prologic/golinks/server.go:177.17,179.4 1 0
github.com/prologic/golinks/server.go:185.35,198.2 1 0
github.com/prologic/golinks/server.go:200.31,208.2 6 10
github.com/prologic/golinks/server.go:211.52,247.2 12 10
github.com/prologic/golinks/templates.go:31.43,36.2 1 10
github.com/prologic/golinks/templates.go:38.67,43.2 3 20
github.com/prologic/golinks/templates.go:45.77,50.9 4 3
github.com/prologic/golinks/templates.go:55.2,57.16 3 2
github.com/prologic/golinks/templates.go:62.2,62.17 1 2
github.com/prologic/golinks/templates.go:50.9,53.3 2 1
github.com/prologic/golinks/templates.go:57.16,60.3 2 0
github.com/prologic/golinks/bookmarks.go:19.33,21.2 1 5
github.com/prologic/golinks/bookmarks.go:24.32,26.2 1 5
github.com/prologic/golinks/bookmarks.go:29.74,31.13 2 4
github.com/prologic/golinks/bookmarks.go:34.2,34.44 1 4
github.com/prologic/golinks/bookmarks.go:31.13,33.3 1 2
github.com/prologic/golinks/bookmarks.go:38.63,41.16 3 34
github.com/prologic/golinks/bookmarks.go:48.2,52.8 4 17
github.com/prologic/golinks/bookmarks.go:41.16,42.36 1 21
github.com/prologic/golinks/bookmarks.go:45.3,45.64 1 4
github.com/prologic/golinks/bookmarks.go:42.36,44.4 1 17
github.com/prologic/golinks/commands.go:20.13,29.2 8 1
github.com/prologic/golinks/commands.go:32.52,34.2 1 8
github.com/prologic/golinks/commands.go:37.41,40.8 3 6
github.com/prologic/golinks/commands.go:43.2,43.12 1 3
github.com/prologic/golinks/commands.go:40.8,42.3 1 3
github.com/prologic/golinks/commands.go:50.29,52.2 1 1
github.com/prologic/golinks/commands.go:55.29,60.2 1 1
github.com/prologic/golinks/commands.go:63.81,66.2 2 3
github.com/prologic/golinks/commands.go:72.29,74.2 1 1
github.com/prologic/golinks/commands.go:77.29,82.2 1 1
github.com/prologic/golinks/commands.go:85.81,89.48 3 1
github.com/prologic/golinks/commands.go:98.2,98.16 1 1
github.com/prologic/golinks/commands.go:102.2,102.26 1 1
github.com/prologic/golinks/commands.go:106.2,116.12 2 1
github.com/prologic/golinks/commands.go:89.48,91.17 2 12
github.com/prologic/golinks/commands.go:94.3,96.13 3 12
github.com/prologic/golinks/commands.go:91.17,93.4 1 0
github.com/prologic/golinks/commands.go:98.16,100.3 1 0
github.com/prologic/golinks/commands.go:102.26,104.3 1 7
github.com/prologic/golinks/commands.go:123.29,125.2 1 1
github.com/prologic/golinks/commands.go:128.29,133.2 1 1
github.com/prologic/golinks/commands.go:136.81,139.2 2 1
github.com/prologic/golinks/commands.go:145.29,147.2 1 1
github.com/prologic/golinks/commands.go:150.29,155.2 1 1
github.com/prologic/golinks/commands.go:158.81,161.2 2 1
github.com/prologic/golinks/commands.go:167.29,169.2 1 1
github.com/prologic/golinks/commands.go:172.29,177.2 1 1
github.com/prologic/golinks/commands.go:180.81,183.2 2 1
github.com/prologic/golinks/commands.go:189.28,191.2 1 1
github.com/prologic/golinks/commands.go:194.28,205.2 1 1
github.com/prologic/golinks/commands.go:208.80,211.20 2 15
github.com/prologic/golinks/commands.go:217.2,220.41 3 15
github.com/prologic/golinks/commands.go:225.2,227.12 2 14
github.com/prologic/golinks/commands.go:211.20,213.3 1 15
github.com/prologic/golinks/commands.go:213.8,215.3 1 0
github.com/prologic/golinks/commands.go:220.41,223.3 2 1
github.com/prologic/golinks/commands.go:234.31,236.2 1 1
github.com/prologic/golinks/commands.go:239.31,248.2 1 1
github.com/prologic/golinks/commands.go:251.83,254.20 2 1
github.com/prologic/golinks/commands.go:260.2,261.39 2 1
github.com/prologic/golinks/commands.go:266.2,268.12 2 1
github.com/prologic/golinks/commands.go:254.20,256.3 1 1
github.com/prologic/golinks/commands.go:256.8,258.3 1 0
github.com/prologic/golinks/commands.go:261.39,264.3 2 0
github.com/prologic/golinks/version.go:19.27,21.2 1 0
github.com/prologic/golinks/main.go:17.13,39.13 10 0
github.com/prologic/golinks/main.go:44.2,50.16 6 0
github.com/prologic/golinks/main.go:53.2,56.16 3 0
github.com/prologic/golinks/main.go:60.2,60.39 1 0
github.com/prologic/golinks/main.go:39.13,42.3 2 0
github.com/prologic/golinks/main.go:50.16,52.3 1 0
github.com/prologic/golinks/main.go:56.16,58.3 1 0
github.com/prologic/golinks/utils.go:8.40,10.14 2 0
github.com/prologic/golinks/utils.go:13.2,13.10 1 0
github.com/prologic/golinks/utils.go:10.14,12.3 1 0
